[30Dec2024 00:00:31.489] [Server thread/INFO] [net.minecraft.server.MinecraftServer/]: [Not Secure] <Peruvillager> kbron me saco en una
[30Dec2024 00:00:36.237] [Server thread/INFO] [net.minecraft.server.MinecraftServer/]: [Not Secure] <IkappoAnyho_> XDD
[30Dec2024 00:00:45.996] [Server thread/INFO] [net.minecraft.server.MinecraftServer/]: [Not Secure] <IkappoAnyho_> tengo otro
[30Dec2024 00:00:48.238] [Server thread/INFO] [com.teampotato.redirector.Redirector/]: Redirecting net/p3pp3rf1y/sophisticatedcore/settings/main/Context
[30Dec2024 00:00:51.760] [Server thread/INFO] [net.minecraft.server.MinecraftServer/]: [Not Secure] <IkappoAnyho_> pero ese se lo pondre a marico
[30Dec2024 00:00:56.223] [Server thread/WARN] [net.minecraft.server.level.ServerLevel/]: Tried to add entity mofus_better_end_:mitespikerball but it was marked as removed already
[30Dec2024 00:01:49.522] [Server thread/WARN] [net.minecraft.server.level.ServerLevel/]: Tried to add entity mofus_better_end_:mitespikerball but it was marked as removed already
[30Dec2024 00:02:06.610] [Server thread/INFO] [net.minecraft.server.MinecraftServer/]: [Not Secure] <IkappoAnyho_> oe mira
[30Dec2024 00:02:08.073] [Server thread/WARN] [net.minecraft.server.level.ServerLevel/]: Tried to add entity mofus_better_end_:mitespikerball but it was marked as removed already
[30Dec2024 00:02:28.793] [Server thread/INFO] [net.minecraft.server.MinecraftServer/]: [Not Secure] <Peruvillager> yara o
[30Dec2024 00:02:30.875] [Server thread/WARN] [net.minecraft.server.level.ServerLevel/]: Tried to add entity mofus_better_end_:mitespikerball but it was marked as removed already
[30Dec2024 00:02:36.239] [Server thread/INFO] [net.minecraft.server.MinecraftServer/]: [Not Secure] <Peruvillager> xd
[30Dec2024 00:02:57.065] [Server thread/INFO] [net.minecraft.server.MinecraftServer/]: [Not Secure] <IkappoAnyho_> asi le tendrian q hacer en mariategu
[30Dec2024 00:03:04.674] [Server thread/WARN] [net.minecraft.server.level.ServerLevel/]: Tried to add entity mofus_better_end_:mitespikerball but it was marked as removed already
[30Dec2024 00:03:04.675] [Server thread/WARN] [net.minecraft.server.level.ServerLevel/]: Tried to add entity mofus_better_end_:mitespikerball but it was marked as removed already
[30Dec2024 00:03:07.419] [Server thread/INFO] [net.minecraft.server.MinecraftServer/]: [Not Secure] <Peruvillager> asi de facilito se mata a alan
[30Dec2024 00:04:26.074] [Server thread/WARN] [net.minecraft.server.level.ServerLevel/]: Tried to add entity mofus_better_end_:mitespikerball but it was marked as removed already
[30Dec2024 00:04:26.075] [Server thread/WARN] [net.minecraft.server.level.ServerLevel/]: Tried to add entity mofus_better_end_:mitespikerball but it was marked as removed already
[30Dec2024 00:04:50.524] [Server thread/WARN] [net.minecraft.server.level.ServerLevel/]: Tried to add entity mofus_better_end_:mitespikerball but it was marked as removed already
[30Dec2024 00:04:50.524] [Server thread/WARN] [net.minecraft.server.level.ServerLevel/]: Tried to add entity mofus_better_end_:mitespikerball but it was marked as removed already
[30Dec2024 00:05:00.474] [Server thread/WARN] [net.minecraft.server.level.ServerLevel/]: Tried to add entity mofus_better_end_:mitespikerball but it was marked as removed already
[30Dec2024 00:05:16.073] [Server thread/WARN] [net.minecraft.server.level.ServerLevel/]: Tried to add entity mofus_better_end_:mitespikerball but it was marked as removed already
[30Dec2024 00:05:21.324] [Server thread/WARN] [net.minecraft.server.level.ServerLevel/]: Tried to add entity mofus_better_end_:mitespikerball but it was marked as removed already
[30Dec2024 00:05:31.673] [Server thread/WARN] [net.minecraft.server.level.ServerLevel/]: Tried to add entity mofus_better_end_:mitespikerball but it was marked as removed already
[30Dec2024 00:05:31.674] [Server thread/WARN] [net.minecraft.server.level.ServerLevel/]: Tried to add entity mofus_better_end_:mitespikerball but it was marked as removed already
[30Dec2024 00:05:51.595] [Server thread/INFO] [net.minecraft.server.MinecraftServer/]: [Not Secure] <IkappoAnyho_> oe subete los corazones
[30Dec2024 00:05:57.408] [Server thread/INFO] [net.minecraft.server.MinecraftServer/]: [Not Secure] <Peruvillager> no tengo w
[30Dec2024 00:06:02.597] [Server thread/INFO] [net.minecraft.server.MinecraftServer/]: [Not Secure] <Peruvillager> para tradearlos
[30Dec2024 00:06:09.074] [Server thread/WARN] [net.minecraft.server.level.ServerLevel/]: Tried to add entity mofus_better_end_:mitespikerball but it was marked as removed already
[30Dec2024 00:06:12.544] [Server thread/INFO] [net.minecraft.server.MinecraftServer/]: [Not Secure] <IkappoAnyho_> no haz roto spawner?
[30Dec2024 00:06:18.740] [Server thread/INFO] [net.minecraft.world.entity.npc.Villager/]: Villager Villager['Farmer'/72942, l='ServerLevel[world]', x=-1382.16, y=76.00, z=589.98] died, message: 'Farmer was slain by Door Knight'
[30Dec2024 00:06:21.341] [Server thread/INFO] [net.minecraft.server.MinecraftServer/]: [Not Secure] <Peruvillager> solo 1, no encontre dungeons
[30Dec2024 00:06:34.423] [Server thread/WARN] [net.minecraft.server.level.ServerLevel/]: Tried to add entity mofus_better_end_:mitespikerball but it was marked as removed already
[30Dec2024 00:06:40.712] [Server thread/INFO] [net.minecraft.server.MinecraftServer/]: [Not Secure] <Peruvillager> son 4 p
[30Dec2024 00:06:43.849] [Server thread/INFO] [net.minecraft.server.MinecraftServer/]: [Not Secure] <IkappoAnyho_> tmr
[30Dec2024 00:06:44.824] [Server thread/WARN] [net.minecraft.server.level.ServerLevel/]: Tried to add entity mofus_better_end_:mitespikerball but it was marked as removed already
[30Dec2024 00:06:44.824] [Server thread/WARN] [net.minecraft.server.level.ServerLevel/]: Tried to add entity mofus_better_end_:mitespikerball but it was marked as removed already
[30Dec2024 00:07:00.555] [Server thread/INFO] [net.minecraft.server.MinecraftServer/]: [Not Secure] <IkappoAnyho_> ese mmn
[30Dec2024 00:07:07.490] [Server thread/INFO] [net.minecraft.server.MinecraftServer/]: [Not Secure] <Peruvillager> maceo
[30Dec2024 00:07:14.424] [Server thread/WARN] [net.minecraft.server.level.ServerLevel/]: Tried to add entity mofus_better_end_:mitespikerball but it was marked as removed already
[30Dec2024 00:07:24.661] [Server thread/INFO] [net.minecraft.server.MinecraftServer/]: [Not Secure] <Peruvillager> oe
[30Dec2024 00:07:31.424] [Server thread/WARN] [net.minecraft.server.level.ServerLevel/]: Tried to add entity mofus_better_end_:mitespikerball but it was marked as removed already
[30Dec2024 00:07:32.794] [Server thread/INFO] [net.minecraft.server.MinecraftServer/]: [Not Secure] <IkappoAnyho_> q
[30Dec2024 00:07:35.275] [Server thread/WARN] [net.minecraft.server.level.ServerLevel/]: Tried to add entity mofus_better_end_:mitespikerball but it was marked as removed already
[30Dec2024 00:07:37.542] [Server thread/INFO] [com.teampotato.redirector.Redirector/]: Redirecting net/minecraft/world/entity/animal/IronGolem$Crackiness
[30Dec2024 00:07:37.642] [Server thread/INFO] [net.minecraft.server.MinecraftServer/]: [Not Secure] <Peruvillager> el calabaza pega duro?
[30Dec2024 00:07:39.310] [Server thread/INFO] [net.minecraft.server.MinecraftServer/]: [Not Secure] <Peruvillager> ese
[30Dec2024 00:07:44.139] [Server thread/INFO] [net.minecraft.server.MinecraftServer/]: [Not Secure] <IkappoAnyho_> mso menos
[30Dec2024 00:07:45.942] [Server thread/INFO] [net.minecraft.server.MinecraftServer/]: Peruvillager has made the advancement [Sweet Dreams]
[30Dec2024 00:08:14.014] [Server thread/INFO] [net.minecraft.server.MinecraftServer/]: IkappoAnyho_ has made the advancement [Sweet Dreams]
[30Dec2024 00:08:16.758] [Server thread/INFO] [net.minecraft.server.MinecraftServer/]: [Not Secure] <IkappoAnyho_> zz
[30Dec2024 00:08:36.073] [Server thread/WARN] [net.minecraft.server.level.ServerLevel/]: Tried to add entity mofus_better_end_:mitespikerball but it was marked as removed already
[30Dec2024 00:08:36.074] [Server thread/WARN] [net.minecraft.server.level.ServerLevel/]: Tried to add entity mofus_better_end_:mitespikerball but it was marked as removed already
[30Dec2024 00:08:45.674] [Server thread/WARN] [net.minecraft.server.level.ServerLevel/]: Tried to add entity mofus_better_end_:mitespikerball but it was marked as removed already
[30Dec2024 00:08:46.745] [Server thread/INFO] [net.minecraft.server.MinecraftServer/]: Peruvillager has reached the goal [Fighting Nightmares]
[30Dec2024 00:09:03.124] [Server thread/WARN] [net.minecraft.server.level.ServerLevel/]: Tried to add entity mofus_better_end_:mitespikerball but it was marked as removed already
[30Dec2024 00:09:28.574] [Server thread/WARN] [net.minecraft.server.level.ServerLevel/]: Tried to add entity mofus_better_end_:mitespikerball but it was marked as removed already
[30Dec2024 00:09:28.574] [Server thread/WARN] [net.minecraft.server.level.ServerLevel/]: Tried to add entity mofus_better_end_:mitespikerball but it was marked as removed already
[30Dec2024 00:09:42.837] [Server thread/INFO] [net.minecraft.world.entity.npc.Villager/]: Villager Villager['Oceanographer'/72937, l='ServerLevel[world]', x=-1479.63, y=75.00, z=504.81] died, message: 'Oceanographer was slain by Zombie'
[30Dec2024 00:09:51.137] [Server thread/INFO] [net.minecraft.world.entity.npc.Villager/]: Villager Villager['Hunter'/72810, l='ServerLevel[world]', x=-1434.30, y=79.00, z=531.47] died, message: 'Hunter was slain by Decaying Zombie'
[30Dec2024 00:09:52.215] [Server thread/INFO] [net.minecraft.server.MinecraftServer/]: IkappoAnyho_ has made the advancement [Life turned out to be a comedy]
[30Dec2024 00:10:38.724] [Server thread/WARN] [net.minecraft.server.level.ServerLevel/]: Tried to add entity mofus_better_end_:mitespikerball but it was marked as removed already
[30Dec2024 00:10:40.173] [Server thread/WARN] [net.minecraft.server.level.ServerLevel/]: Tried to add entity mofus_better_end_:mitespikerball but it was marked as removed already
[30Dec2024 00:10:40.174] [Server thread/WARN] [net.minecraft.server.level.ServerLevel/]: Tried to add entity mofus_better_end_:mitespikerball but it was marked as removed already
[30Dec2024 00:10:48.110] [Server thread/INFO] [com.teampotato.redirector.Redirector/]: Redirecting net/blay09/mods/waystones/core/WarpMode
[30Dec2024 00:10:58.672] [Server thread/WARN] [net.minecraft.server.level.ServerLevel/]: Tried to add entity mofus_better_end_:mitespikerball but it was marked as removed already
[30Dec2024 00:11:06.823] [Server thread/WARN] [net.minecraft.server.level.ServerLevel/]: Tried to add entity mofus_better_end_:mitespikerball but it was marked as removed already
[30Dec2024 00:11:06.823] [Server thread/WARN] [net.minecraft.server.level.ServerLevel/]: Tried to add entity mofus_better_end_:mitespikerball but it was marked as removed already
[30Dec2024 00:11:06.823] [Server thread/WARN] [net.minecraft.server.level.ServerLevel/]: Tried to add entity mofus_better_end_:mitespikerball but it was marked as removed already
[30Dec2024 00:11:10.723] [Server thread/WARN] [net.minecraft.server.level.ServerLevel/]: Tried to add entity mofus_better_end_:mitespikerball but it was marked as removed already
[30Dec2024 00:11:15.423] [Server thread/WARN] [net.minecraft.server.level.ServerLevel/]: Tried to add entity mofus_better_end_:mitespikerball but it was marked as removed already
[30Dec2024 00:11:18.473] [Server thread/WARN] [net.minecraft.server.level.ServerLevel/]: Tried to add entity mofus_better_end_:mitespikerball but it was marked as removed already
[30Dec2024 00:11:19.313] [Server thread/INFO] [net.minecraft.server.MinecraftServer/]: [Not Secure] <IkappoAnyho_> ven
[30Dec2024 00:12:35.225] [Server thread/WARN] [net.minecraft.server.level.ServerLevel/]: Tried to add entity mofus_better_end_:mitespikerball but it was marked as removed already
[30Dec2024 00:13:02.674] [Server thread/WARN] [net.minecraft.server.level.ServerLevel/]: Tried to add entity mofus_better_end_:mitespikerball but it was marked as removed already
[30Dec2024 00:13:11.192] [Server thread/INFO] [net.minecraft.server.MinecraftServer/]: [Not Secure] <Peruvillager> oe
[30Dec2024 00:13:12.633] [Server thread/INFO] [net.minecraft.server.MinecraftServer/]: [Not Secure] <Peruvillager> gargola
[30Dec2024 00:13:30.782] [Server thread/INFO] [net.minecraft.server.MinecraftServer/]: IkappoAnyho_ has made the advancement [Wingin' It]
[30Dec2024 00:14:02.274] [Server thread/WARN] [net.minecraft.server.level.ServerLevel/]: Tried to add entity mofus_better_end_:mitespikerball but it was marked as removed already
[30Dec2024 00:14:19.874] [Server thread/WARN] [net.minecraft.server.level.ServerLevel/]: Tried to add entity mofus_better_end_:mitespikerball but it was marked as removed already
[30Dec2024 00:14:22.760] [Server thread/WARN] [net.minecraft.server.level.ServerLevel/]: Tried to add entity mofus_better_end_:mitespikerball but it was marked as removed already
[30Dec2024 00:14:27.548] [Server thread/INFO] [net.minecraft.server.MinecraftServer/]: [Not Secure] <Peruvillager> ontas
[30Dec2024 00:14:28.954] [Server thread/INFO] [net.minecraft.server.MinecraftServer/]: [Not Secure] <IkappoAnyho_> aca hay objetos op
[30Dec2024 00:14:39.575] [Server thread/WARN] [net.minecraft.server.level.ServerLevel/]: Tried to add entity mofus_better_end_:mitespikerball but it was marked as removed already
[30Dec2024 00:14:59.291] [Server thread/INFO] [net.minecraft.server.MinecraftServer/]: IkappoAnyho_ has reached the goal [Postmortal]
[30Dec2024 00:14:59.294] [Server thread/INFO] [tombstone/]: The player IkappoAnyho_ has successfully been saved
[30Dec2024 00:15:04.254] [Server thread/INFO] [net.minecraft.server.MinecraftServer/]: [Not Secure] <IkappoAnyho_> xdddddddddddddd
[30Dec2024 00:15:06.967] [Server thread/INFO] [net.minecraft.server.MinecraftServer/]: [Not Secure] <Peruvillager> yarao
[30Dec2024 00:15:10.013] [Server thread/INFO] [net.minecraft.server.MinecraftServer/]: [Not Secure] <Peruvillager> pero ontas
[30Dec2024 00:15:13.026] [Server thread/WARN] [net.minecraft.server.level.ServerLevel/]: Tried to add entity mofus_better_end_:mitespikerball but it was marked as removed already
[30Dec2024 00:15:13.075] [Server thread/WARN] [net.minecraft.server.level.ServerLevel/]: Tried to add entity mofus_better_end_:mitespikerball but it was marked as removed already
[30Dec2024 00:15:14.675] [Server thread/WARN] [net.minecraft.server.level.ServerLevel/]: Tried to add entity mofus_better_end_:mitespikerball but it was marked as removed already
[30Dec2024 00:15:19.636] [Server thread/INFO] [net.minecraft.server.MinecraftServer/]: [Not Secure] <Peruvillager> o un tepesito mejor
[30Dec2024 00:15:30.323] [Server thread/WARN] [net.minecraft.server.level.ServerLevel/]: Tried to add entity mofus_better_end_:mitespikerball but it was marked as removed already
[30Dec2024 00:15:44.274] [Server thread/WARN] [net.minecraft.server.level.ServerLevel/]: Tried to add entity mofus_better_end_:mitespikerball but it was marked as removed already
[30Dec2024 00:15:54.575] [Server thread/WARN] [net.minecraft.server.level.ServerLevel/]: Tried to add entity mofus_better_end_:mitespikerball but it was marked as removed already
[30Dec2024 00:15:54.575] [Server thread/WARN] [net.minecraft.server.level.ServerLevel/]: Tried to add entity mofus_better_end_:mitespikerball but it was marked as removed already
[30Dec2024 00:15:55.973] [Server thread/WARN] [net.minecraft.server.level.ServerLevel/]: Tried to add entity mofus_better_end_:mitespikerball but it was marked as removed already
[30Dec2024 00:15:55.974] [Server thread/WARN] [net.minecraft.server.level.ServerLevel/]: Tried to add entity mofus_better_end_:mitespikerball but it was marked as removed already
[30Dec2024 00:15:59.473] [Server thread/WARN] [net.minecraft.server.level.ServerLevel/]: Tried to add entity mofus_better_end_:mitespikerball but it was marked as removed already
[30Dec2024 00:16:04.223] [Server thread/WARN] [net.minecraft.server.level.ServerLevel/]: Tried to add entity mofus_better_end_:mitespikerball but it was marked as removed already
[30Dec2024 00:16:11.399] [Server thread/INFO] [net.minecraft.server.MinecraftServer/]: [Not Secure] <IkappoAnyho_> ya fue no hay nada
[30Dec2024 00:16:18.000] [Server thread/INFO] [net.minecraft.server.MinecraftServer/]: [Not Secure] <Peruvillager> pero tepea w
[30Dec2024 00:16:29.324] [Server thread/WARN] [net.minecraft.server.level.ServerLevel/]: Tried to add entity mofus_better_end_:mitespikerball but it was marked as removed already
[30Dec2024 00:16:30.125] [Server thread/WARN] [net.minecraft.server.level.ServerLevel/]: Tried to add entity mofus_better_end_:mitespikerball but it was marked as removed already
[30Dec2024 00:16:30.274] [Server thread/WARN] [net.minecraft.server.level.ServerLevel/]: Tried to add entity mofus_better_end_:mitespikerball but it was marked as removed already
[30Dec2024 00:16:30.274] [Server thread/WARN] [net.minecraft.server.level.ServerLevel/]: Tried to add entity mofus_better_end_:mitespikerball but it was marked as removed already
[30Dec2024 00:16:30.425] [Server thread/WARN] [net.minecraft.server.level.ServerLevel/]: Tried to add entity mofus_better_end_:mitespikerball but it was marked as removed already
[30Dec2024 00:16:31.472] [Server thread/WARN] [net.minecraft.server.level.ServerLevel/]: Tried to add entity mofus_better_end_:mitespikerball but it was marked as removed already
[30Dec2024 00:16:51.361] [Server thread/INFO] [net.minecraft.server.MinecraftServer/]: [Not Secure] <IkappoAnyho_> si estos pendejos estan aca
[30Dec2024 00:17:01.207] [Server thread/INFO] [net.minecraft.server.MinecraftServer/]: [Not Secure] <IkappoAnyho_> debe de estar cerca el leviatahn
[30Dec2024 00:17:01.335] [Server thread/INFO] [net.minecraft.server.MinecraftServer/]: [Not Secure] <Peruvillager> boss?
[30Dec2024 00:17:02.827] [Server thread/WARN] [net.minecraft.server.level.ServerLevel/]: Tried to add entity mofus_better_end_:mitespikerball but it was marked as removed already
[30Dec2024 00:17:12.326] [Server thread/WARN] [net.minecraft.server.level.ServerLevel/]: Tried to add entity mofus_better_end_:mitespikerball but it was marked as removed already
[30Dec2024 00:17:22.524] [Server thread/WARN] [net.minecraft.server.level.ServerLevel/]: Tried to add entity mofus_better_end_:mitespikerball but it was marked as removed already
[30Dec2024 00:17:22.622] [Server thread/WARN] [net.minecraft.server.level.ServerLevel/]: Tried to add entity mofus_better_end_:mitespikerball but it was marked as removed already
[30Dec2024 00:17:23.574] [Server thread/WARN] [net.minecraft.server.level.ServerLevel/]: Tried to add entity mofus_better_end_:mitespikerball but it was marked as removed already
[30Dec2024 00:17:30.350] [Server thread/INFO] [net.minecraft.server.MinecraftServer/]: [Not Secure] <IkappoAnyho_> vamos al barco o buscamos
[30Dec2024 00:17:36.416] [Server thread/INFO] [net.minecraft.server.MinecraftServer/]: [Not Secure] <IkappoAnyho_> la mierda del leviatan
[30Dec2024 00:17:37.034] [Server thread/INFO] [net.minecraft.server.MinecraftServer/]: [Not Secure] <Peruvillager> yo te sigo
[30Dec2024 00:17:37.473] [Server thread/WARN] [net.minecraft.server.level.ServerLevel/]: Tried to add entity mofus_better_end_:mitespikerball but it was marked as removed already
[30Dec2024 00:17:37.473] [Server thread/WARN] [net.minecraft.server.level.ServerLevel/]: Tried to add entity mofus_better_end_:mitespikerball but it was marked as removed already
[30Dec2024 00:17:38.419] [Worker-Main-1/ERROR] [net.minecraft.world.entity.decoration.HangingEntity/]: Hanging entity at invalid position: BlockPos{x=-19, y=-42, z=-299}
[30Dec2024 00:17:40.699] [Server thread/WARN] [net.minecraft.server.level.ServerLevel/]: Tried to add entity mofus_better_end_:mitespikerball but it was marked as removed already
[30Dec2024 00:18:02.574] [Server thread/WARN] [net.minecraft.server.level.ServerLevel/]: Tried to add entity mofus_better_end_:mitespikerball but it was marked as removed already
[30Dec2024 00:18:09.674] [Server thread/WARN] [net.minecraft.server.level.ServerLevel/]: Tried to add entity mofus_better_end_:mitespikerball but it was marked as removed already
[30Dec2024 00:18:17.924] [Server thread/WARN] [net.minecraft.server.level.ServerLevel/]: Tried to add entity mofus_better_end_:mitespikerball but it was marked as removed already
[30Dec2024 00:18:54.973] [Server thread/WARN] [net.minecraft.server.level.ServerLevel/]: Tried to add entity mofus_better_end_:mitespikerball but it was marked as removed already
[30Dec2024 00:19:00.923] [Server thread/WARN] [net.minecraft.server.level.ServerLevel/]: Tried to add entity mofus_better_end_:mitespikerball but it was marked as removed already
[30Dec2024 00:19:13.575] [Server thread/WARN] [net.minecraft.server.level.ServerLevel/]: Tried to add entity mofus_better_end_:mitespikerball but it was marked as removed already
[30Dec2024 00:19:42.523] [Server thread/WARN] [net.minecraft.server.level.ServerLevel/]: Tried to add entity mofus_better_end_:mitespikerball but it was marked as removed already
[30Dec2024 00:19:43.774] [Server thread/WARN] [net.minecraft.server.level.ServerLevel/]: Tried to add entity mofus_better_end_:mitespikerball but it was marked as removed already
[30Dec2024 00:19:43.775] [Server thread/WARN] [net.minecraft.server.level.ServerLevel/]: Tried to add entity mofus_better_end_:mitespikerball but it was marked as removed already
[30Dec2024 00:19:43.775] [Server thread/WARN] [net.minecraft.server.level.ServerLevel/]: Tried to add entity mofus_better_end_:mitespikerball but it was marked as removed already
[30Dec2024 00:19:45.175] [Server thread/WARN] [net.minecraft.server.level.ServerLevel/]: Tried to add entity mofus_better_end_:mitespikerball but it was marked as removed already
[30Dec2024 00:20:01.223] [Server thread/WARN] [net.minecraft.server.level.ServerLevel/]: Tried to add entity mofus_better_end_:mitespikerball but it was marked as removed already
[30Dec2024 00:20:04.024] [Server thread/WARN] [net.minecraft.server.level.ServerLevel/]: Tried to add entity mofus_better_end_:mitespikerball but it was marked as removed already
[30Dec2024 00:20:04.027] [Server thread/WARN] [net.minecraft.server.level.ServerLevel/]: Tried to add entity mofus_better_end_:mitespikerball but it was marked as removed already
[30Dec2024 00:20:04.028] [Server thread/WARN] [net.minecraft.server.level.ServerLevel/]: Tried to add entity mofus_better_end_:mitespikerball but it was marked as removed already
[30Dec2024 00:20:04.030] [Server thread/WARN] [net.minecraft.server.level.ServerLevel/]: Tried to add entity mofus_better_end_:mitespikerball but it was marked as removed already
[30Dec2024 00:20:04.333] [Server thread/WARN] [net.minecraft.server.level.ServerLevel/]: Tried to add entity mofus_better_end_:mitespikerball but it was marked as removed already
[30Dec2024 00:20:08.422] [Server thread/WARN] [net.minecraft.server.level.ServerLevel/]: Tried to add entity mofus_better_end_:mitespikerball but it was marked as removed already
[30Dec2024 00:20:26.123] [Server thread/WARN] [net.minecraft.server.level.ServerLevel/]: Tried to add entity mofus_better_end_:mitespikerball but it was marked as removed already
[30Dec2024 00:20:34.923] [Server thread/WARN] [net.minecraft.server.level.ServerLevel/]: Tried to add entity mofus_better_end_:mitespikerball but it was marked as removed already
[30Dec2024 00:20:38.524] [Server thread/WARN] [net.minecraft.server.level.ServerLevel/]: Tried to add entity mofus_better_end_:mitespikerball but it was marked as removed already
[30Dec2024 00:20:38.524] [Server thread/WARN] [net.minecraft.server.level.ServerLevel/]: Tried to add entity mofus_better_end_:mitespikerball but it was marked as removed already
[30Dec2024 00:20:50.123] [Server thread/WARN] [net.minecraft.server.level.ServerLevel/]: Tried to add entity mofus_better_end_:mitespikerball but it was marked as removed already
[30Dec2024 00:21:00.424] [Server thread/WARN] [net.minecraft.server.level.ServerLevel/]: Tried to add entity mofus_better_end_:mitespikerball but it was marked as removed already
[30Dec2024 00:21:02.587] [Server thread/INFO] [net.minecraft.server.MinecraftServer/]: [Not Secure] <IkappoAnyho_> debemos estar cerca
[30Dec2024 00:21:10.579] [Server thread/WARN] [net.minecraft.server.level.ServerLevel/]: Tried to add entity mofus_better_end_:mitespikerball but it was marked as removed already
[30Dec2024 00:21:18.974] [Server thread/WARN] [net.minecraft.server.level.ServerLevel/]: Tried to add entity mofus_better_end_:mitespikerball but it was marked as removed already
[30Dec2024 00:21:18.975] [Server thread/WARN] [net.minecraft.server.level.ServerLevel/]: Tried to add entity mofus_better_end_:mitespikerball but it was marked as removed already
[30Dec2024 00:21:25.776] [Server thread/WARN] [net.minecraft.server.level.ServerLevel/]: Tried to add entity mofus_better_end_:mitespikerball but it was marked as removed already
[30Dec2024 00:21:40.547] [Server thread/INFO] [net.minecraft.server.MinecraftServer/]: [Not Secure] <IkappoAnyho_> xd me confundi
[30Dec2024 00:21:46.533] [Server thread/INFO] [com.teampotato.redirector.Redirector/]: Redirecting net/minecraft/world/entity/ai/goal/BoatGoals
[30Dec2024 00:22:11.325] [Server thread/WARN] [net.minecraft.server.level.ServerLevel/]: Tried to add entity mofus_better_end_:mitespikerball but it was marked as removed already
[30Dec2024 00:22:26.074] [Server thread/WARN] [net.minecraft.server.level.ServerLevel/]: Tried to add entity mofus_better_end_:mitespikerball but it was marked as removed already
[30Dec2024 00:22:30.413] [Server thread/INFO] [net.minecraft.server.MinecraftServer/]: [Not Secure] <IkappoAnyho_> aca esta
[30Dec2024 00:22:35.495] [Server thread/INFO] [net.minecraft.server.MinecraftServer/]: [Not Secure] <Peruvillager> yarasa
[30Dec2024 00:22:45.005] [Server thread/INFO] [net.minecraft.server.MinecraftServer/]: [Not Secure] <IkappoAnyho_> xd nbo es ptm
[30Dec2024 00:22:47.547] [Server thread/INFO] [net.minecraft.server.MinecraftServer/]: [Not Secure] <Peruvillager> y se levanto mi hermano wei
[30Dec2024 00:23:06.903] [Server thread/INFO] [net.minecraft.server.MinecraftServer/]: [Not Secure] <IkappoAnyho_> no es
[30Dec2024 00:23:24.433] [Server thread/INFO] [net.minecraft.server.MinecraftServer/]: [Not Secure] <Peruvillager> afk
[30Dec2024 00:23:26.906] [Server thread/INFO] [net.minecraft.server.MinecraftServer/]: [Not Secure] <IkappoAnyho_> va
[30Dec2024 00:23:35.041] [Server thread/INFO] [com.teampotato.redirector.Redirector/]: Redirecting net/minecraft/commands/SharedSuggestionProvider$ElementSuggestionType
[30Dec2024 00:23:37.283] [Server thread/INFO] [net.minecraft.server.network.ServerGamePacketListenerImpl/]: Peruvillager lost connection: Disconnected
[30Dec2024 00:23:37.283] [Server thread/INFO] [net.minecraft.server.MinecraftServer/]: Peruvillager left the game
[30Dec2024 00:24:09.425] [Server thread/WARN] [net.minecraft.server.level.ServerLevel/]: Tried to add entity mofus_better_end_:mitespikerball but it was marked as removed already
[30Dec2024 00:24:11.827] [Server thread/WARN] [net.minecraft.server.level.ServerLevel/]: Tried to add entity mofus_better_end_:mitespikerball but it was marked as removed already
[30Dec2024 00:24:16.874] [Server thread/WARN] [net.minecraft.server.level.ServerLevel/]: Tried to add entity mofus_better_end_:mitespikerball but it was marked as removed already
[30Dec2024 00:24:38.095] [Server thread/INFO] [net.minecraft.server.MinecraftServer/]: IkappoAnyho_ has made the advancement [You Are A Pirate]
